2020-04-14 13:26:07,934 CRIT Supervisor is running as root.  Privileges were not dropped because no user is specified in the config file.  If you intend to run as root, you can set user=root in the config file to avoid this message.
2020-04-14 13:26:07,953 INFO supervisord started with pid 1
2020-04-14 13:26:08,957 INFO spawned: 'php-fpm' with pid 7
2020-04-14 13:26:10,208 INFO success: php-fpm entered RUNNING state, process has stayed up for > than 1 seconds (startsecs)
2020-04-14 16:11:32,776 CRIT Supervisor is running as root.  Privileges were not dropped because no user is specified in the config file.  If you intend to run as root, you can set user=root in the config file to avoid this message.
2020-04-14 16:11:32,787 INFO supervisord started with pid 1
2020-04-14 16:11:33,798 INFO spawned: 'php-fpm' with pid 7
2020-04-14 16:11:34,977 INFO success: php-fpm entered RUNNING state, process has stayed up for > than 1 seconds (startsecs)
2020-04-14 16:17:28,713 WARN received SIGQUIT indicating exit request
2020-04-14 16:17:28,714 INFO waiting for php-fpm to die
2020-04-14 16:17:28,725 INFO stopped: php-fpm (exit status 0)
2020-04-16 08:01:05,086 CRIT Supervisor is running as root.  Privileges were not dropped because no user is specified in the config file.  If you intend to run as root, you can set user=root in the config file to avoid this message.
2020-04-16 08:01:05,095 INFO supervisord started with pid 1
2020-04-16 08:01:06,098 INFO spawned: 'php-fpm' with pid 7
2020-04-16 08:01:07,270 INFO success: php-fpm entered RUNNING state, process has stayed up for > than 1 seconds (startsecs)
2020-05-20 07:05:36,318 CRIT Supervisor is running as root.  Privileges were not dropped because no user is specified in the config file.  If you intend to run as root, you can set user=root in the config file to avoid this message.
2020-05-20 07:05:36,329 INFO supervisord started with pid 1
2020-05-20 07:05:37,332 INFO spawned: 'php-fpm' with pid 7
2020-05-20 07:05:38,513 INFO success: php-fpm entered RUNNING state, process has stayed up for > than 1 seconds (startsecs)
2020-05-22 06:34:56,635 CRIT Supervisor is running as root.  Privileges were not dropped because no user is specified in the config file.  If you intend to run as root, you can set user=root in the config file to avoid this message.
2020-05-22 06:34:56,646 INFO supervisord started with pid 1
2020-05-22 06:34:57,648 INFO spawned: 'php-fpm' with pid 7
2020-05-22 06:34:58,832 INFO success: php-fpm entered RUNNING state, process has stayed up for > than 1 seconds (startsecs)
2020-05-22 08:15:38,429 WARN received SIGQUIT indicating exit request
2020-05-22 08:15:38,430 INFO waiting for php-fpm to die
2020-05-22 08:15:38,442 INFO stopped: php-fpm (exit status 0)
2020-05-22 08:39:51,762 CRIT Supervisor is running as root.  Privileges were not dropped because no user is specified in the config file.  If you intend to run as root, you can set user=root in the config file to avoid this message.
2020-05-22 08:39:51,780 INFO supervisord started with pid 1
2020-05-22 08:39:52,788 INFO spawned: 'php-fpm' with pid 7
2020-05-22 08:39:53,835 INFO success: php-fpm entered RUNNING state, process has stayed up for > than 1 seconds (startsecs)
2020-05-25 11:49:30,913 CRIT Supervisor is running as root.  Privileges were not dropped because no user is specified in the config file.  If you intend to run as root, you can set user=root in the config file to avoid this message.
2020-05-25 11:49:30,933 INFO supervisord started with pid 1
2020-05-25 11:49:31,936 INFO spawned: 'php-fpm' with pid 7
2020-05-25 11:49:33,137 INFO success: php-fpm entered RUNNING state, process has stayed up for > than 1 seconds (startsecs)
2020-05-26 07:19:08,368 CRIT Supervisor is running as root.  Privileges were not dropped because no user is specified in the config file.  If you intend to run as root, you can set user=root in the config file to avoid this message.
2020-05-26 07:19:08,377 INFO supervisord started with pid 1
2020-05-26 07:19:09,380 INFO spawned: 'php-fpm' with pid 7
2020-05-26 07:19:10,550 INFO success: php-fpm entered RUNNING state, process has stayed up for > than 1 seconds (startsecs)
2020-05-26 07:53:25,187 WARN received SIGQUIT indicating exit request
2020-05-26 07:53:25,188 INFO waiting for php-fpm to die
2020-05-26 07:53:25,208 INFO stopped: php-fpm (exit status 0)
2020-05-26 08:12:37,367 CRIT Supervisor is running as root.  Privileges were not dropped because no user is specified in the config file.  If you intend to run as root, you can set user=root in the config file to avoid this message.
2020-05-26 08:12:37,377 INFO supervisord started with pid 1
2020-05-26 08:12:38,379 INFO spawned: 'php-fpm' with pid 7
2020-05-26 08:12:39,439 INFO success: php-fpm entered RUNNING state, process has stayed up for > than 1 seconds (startsecs)
2020-05-26 08:15:10,603 WARN received SIGQUIT indicating exit request
2020-05-26 08:15:10,604 INFO waiting for php-fpm to die
2020-05-26 08:15:10,610 INFO stopped: php-fpm (exit status 0)
2020-05-26 08:58:39,443 CRIT Supervisor is running as root.  Privileges were not dropped because no user is specified in the config file.  If you intend to run as root, you can set user=root in the config file to avoid this message.
2020-05-26 08:58:39,461 INFO supervisord started with pid 1
2020-05-26 08:58:40,464 INFO spawned: 'php-fpm' with pid 7
2020-05-26 08:58:41,645 INFO success: php-fpm entered RUNNING state, process has stayed up for > than 1 seconds (startsecs)
2020-05-27 06:30:35,526 CRIT Supervisor is running as root.  Privileges were not dropped because no user is specified in the config file.  If you intend to run as root, you can set user=root in the config file to avoid this message.
2020-05-27 06:30:35,541 INFO supervisord started with pid 1
2020-05-27 06:30:36,544 INFO spawned: 'php-fpm' with pid 7
2020-05-27 06:30:37,773 INFO success: php-fpm entered RUNNING state, process has stayed up for > than 1 seconds (startsecs)
2020-05-27 08:22:23,309 WARN received SIGQUIT indicating exit request
2020-05-27 08:22:23,310 INFO waiting for php-fpm to die
2020-05-27 08:22:23,323 INFO stopped: php-fpm (exit status 0)
2020-05-27 08:52:12,832 CRIT Supervisor is running as root.  Privileges were not dropped because no user is specified in the config file.  If you intend to run as root, you can set user=root in the config file to avoid this message.
2020-05-27 08:52:12,842 INFO supervisord started with pid 1
2020-05-27 08:52:13,844 INFO spawned: 'php-fpm' with pid 7
2020-05-27 08:52:14,900 INFO success: php-fpm entered RUNNING state, process has stayed up for > than 1 seconds (startsecs)
2020-05-27 10:07:50,768 WARN received SIGQUIT indicating exit request
2020-05-27 10:07:50,768 INFO waiting for php-fpm to die
2020-05-27 10:07:50,782 INFO stopped: php-fpm (exit status 0)
2020-05-27 13:23:15,081 CRIT Supervisor is running as root.  Privileges were not dropped because no user is specified in the config file.  If you intend to run as root, you can set user=root in the config file to avoid this message.
2020-05-27 13:23:15,101 INFO supervisord started with pid 1
2020-05-27 13:23:16,107 INFO spawned: 'php-fpm' with pid 7
2020-05-27 13:23:17,177 INFO success: php-fpm entered RUNNING state, process has stayed up for > than 1 seconds (startsecs)
2020-05-28 06:36:22,680 CRIT Supervisor is running as root.  Privileges were not dropped because no user is specified in the config file.  If you intend to run as root, you can set user=root in the config file to avoid this message.
2020-05-28 06:36:22,691 INFO supervisord started with pid 1
2020-05-28 06:36:23,694 INFO spawned: 'php-fpm' with pid 7
2020-05-28 06:36:24,859 INFO success: php-fpm entered RUNNING state, process has stayed up for > than 1 seconds (startsecs)
2020-05-28 11:23:30,061 WARN received SIGQUIT indicating exit request
2020-05-28 11:23:30,062 INFO waiting for php-fpm to die
2020-05-28 11:23:30,074 INFO stopped: php-fpm (exit status 0)
2020-05-29 09:03:06,603 CRIT Supervisor is running as root.  Privileges were not dropped because no user is specified in the config file.  If you intend to run as root, you can set user=root in the config file to avoid this message.
2020-05-29 09:03:06,624 INFO supervisord started with pid 1
2020-05-29 09:03:07,628 INFO spawned: 'php-fpm' with pid 7
2020-05-29 09:03:08,815 INFO success: php-fpm entered RUNNING state, process has stayed up for > than 1 seconds (startsecs)
2020-06-02 06:37:05,640 CRIT Supervisor is running as root.  Privileges were not dropped because no user is specified in the config file.  If you intend to run as root, you can set user=root in the config file to avoid this message.
2020-06-02 06:37:05,652 INFO supervisord started with pid 1
2020-06-02 06:37:06,655 INFO spawned: 'php-fpm' with pid 7
2020-06-02 06:37:07,816 INFO success: php-fpm entered RUNNING state, process has stayed up for > than 1 seconds (startsecs)
2020-06-02 06:42:29,069 WARN received SIGQUIT indicating exit request
2020-06-02 06:42:29,070 INFO waiting for php-fpm to die
2020-06-02 06:42:29,085 INFO stopped: php-fpm (exit status 0)
2020-06-02 07:01:14,388 CRIT Supervisor is running as root.  Privileges were not dropped because no user is specified in the config file.  If you intend to run as root, you can set user=root in the config file to avoid this message.
2020-06-02 07:01:14,419 INFO supervisord started with pid 1
2020-06-02 07:01:15,424 INFO spawned: 'php-fpm' with pid 7
2020-06-02 07:01:17,300 INFO success: php-fpm entered RUNNING state, process has stayed up for > than 1 seconds (startsecs)
2020-06-02 07:17:05,720 WARN received SIGQUIT indicating exit request
2020-06-02 07:17:05,722 INFO waiting for php-fpm to die
2020-06-02 07:17:05,735 INFO stopped: php-fpm (exit status 0)
2020-06-02 07:51:31,486 CRIT Supervisor is running as root.  Privileges were not dropped because no user is specified in the config file.  If you intend to run as root, you can set user=root in the config file to avoid this message.
2020-06-02 07:51:31,504 INFO supervisord started with pid 1
2020-06-02 07:51:32,507 INFO spawned: 'php-fpm' with pid 7
2020-06-02 07:51:33,643 INFO success: php-fpm entered RUNNING state, process has stayed up for > than 1 seconds (startsecs)
2020-06-03 10:03:59,895 CRIT Supervisor is running as root.  Privileges were not dropped because no user is specified in the config file.  If you intend to run as root, you can set user=root in the config file to avoid this message.
2020-06-03 10:03:59,924 INFO supervisord started with pid 1
2020-06-03 10:04:00,928 INFO spawned: 'php-fpm' with pid 7
2020-06-03 10:04:02,146 INFO success: php-fpm entered RUNNING state, process has stayed up for > than 1 seconds (startsecs)
2020-06-03 11:04:33,594 WARN received SIGQUIT indicating exit request
2020-06-03 11:04:33,595 INFO waiting for php-fpm to die
2020-06-03 11:04:33,610 INFO stopped: php-fpm (exit status 0)
2020-06-03 13:26:37,852 CRIT Supervisor is running as root.  Privileges were not dropped because no user is specified in the config file.  If you intend to run as root, you can set user=root in the config file to avoid this message.
2020-06-03 13:26:37,870 INFO supervisord started with pid 1
2020-06-03 13:26:38,873 INFO spawned: 'php-fpm' with pid 7
2020-06-03 13:26:40,063 INFO success: php-fpm entered RUNNING state, process has stayed up for > than 1 seconds (startsecs)
2020-06-04 07:24:17,950 CRIT Supervisor is running as root.  Privileges were not dropped because no user is specified in the config file.  If you intend to run as root, you can set user=root in the config file to avoid this message.
2020-06-04 07:24:17,968 INFO supervisord started with pid 1
2020-06-04 07:24:18,982 INFO spawned: 'php-fpm' with pid 7
2020-06-04 07:24:20,154 INFO success: php-fpm entered RUNNING state, process has stayed up for > than 1 seconds (startsecs)
2020-06-05 09:06:03,890 CRIT Supervisor is running as root.  Privileges were not dropped because no user is specified in the config file.  If you intend to run as root, you can set user=root in the config file to avoid this message.
2020-06-05 09:06:03,917 INFO supervisord started with pid 1
2020-06-05 09:06:04,921 INFO spawned: 'php-fpm' with pid 7
2020-06-05 09:06:06,129 INFO success: php-fpm entered RUNNING state, process has stayed up for > than 1 seconds (startsecs)
2020-06-08 11:03:09,095 CRIT Supervisor is running as root.  Privileges were not dropped because no user is specified in the config file.  If you intend to run as root, you can set user=root in the config file to avoid this message.
2020-06-08 11:03:09,106 INFO supervisord started with pid 1
2020-06-08 11:03:10,124 INFO spawned: 'php-fpm' with pid 7
2020-06-08 11:03:11,314 INFO success: php-fpm entered RUNNING state, process has stayed up for > than 1 seconds (startsecs)
2020-06-09 06:55:15,318 CRIT Supervisor is running as root.  Privileges were not dropped because no user is specified in the config file.  If you intend to run as root, you can set user=root in the config file to avoid this message.
2020-06-09 06:55:15,328 INFO supervisord started with pid 1
2020-06-09 06:55:16,332 INFO spawned: 'php-fpm' with pid 7
2020-06-09 06:55:17,550 INFO success: php-fpm entered RUNNING state, process has stayed up for > than 1 seconds (startsecs)
2020-06-09 09:50:12,516 INFO reaped unknown pid 176
2020-06-09 09:57:58,442 CRIT Supervisor is running as root.  Privileges were not dropped because no user is specified in the config file.  If you intend to run as root, you can set user=root in the config file to avoid this message.
2020-06-09 09:57:58,460 INFO supervisord started with pid 1
2020-06-09 09:57:59,463 INFO spawned: 'php-fpm' with pid 7
2020-06-09 09:58:00,664 INFO success: php-fpm entered RUNNING state, process has stayed up for > than 1 seconds (startsecs)
2020-06-09 13:43:56,561 WARN received SIGQUIT indicating exit request
2020-06-09 13:43:56,562 INFO waiting for php-fpm to die
2020-06-09 13:43:56,576 INFO stopped: php-fpm (exit status 0)
2020-06-11 07:24:37,526 CRIT Supervisor is running as root.  Privileges were not dropped because no user is specified in the config file.  If you intend to run as root, you can set user=root in the config file to avoid this message.
2020-06-11 07:24:37,536 INFO supervisord started with pid 1
2020-06-11 07:24:38,539 INFO spawned: 'php-fpm' with pid 7
2020-06-11 07:24:39,735 INFO success: php-fpm entered RUNNING state, process has stayed up for > than 1 seconds (startsecs)
2020-06-11 07:38:00,613 INFO reaped unknown pid 26
2020-06-11 07:42:51,974 WARN received SIGQUIT indicating exit request
2020-06-11 07:42:51,975 INFO waiting for php-fpm to die
2020-06-11 07:42:51,989 INFO stopped: php-fpm (exit status 0)
2020-06-18 09:25:47,463 CRIT Supervisor is running as root.  Privileges were not dropped because no user is specified in the config file.  If you intend to run as root, you can set user=root in the config file to avoid this message.
2020-06-18 09:25:47,482 INFO supervisord started with pid 1
2020-06-18 09:25:48,484 INFO spawned: 'php-fpm' with pid 7
2020-06-18 09:25:50,430 INFO success: php-fpm entered RUNNING state, process has stayed up for > than 1 seconds (startsecs)
